SF:lib/main.dart
DA:6,0
DA:7,0
DA:11,1
DA:13,1
DA:14,1
DA:20,2
DA:22,1
DA:23,1
DA:33,1
DA:35,1
DA:37,1
DA:38,1
DA:47,1
DA:49,1
DA:51,1
DA:54,1
DA:55,1
DA:56,1
DA:64,1
DA:66,1
DA:67,0
DA:68,0
DA:69,0
DA:70,0
DA:71,0
DA:72,0
DA:74,0
DA:76,0
DA:77,0
DA:78,0
DA:82,1
DA:84,1
DA:87,1
DA:88,1
DA:89,1
DA:102,1
DA:103,1
DA:104,1
DA:106,0
DA:108,0
DA:113,0
DA:114,0
DA:115,0
DA:116,0
DA:117,0
DA:119,0
DA:123,0
DA:124,0
DA:125,0
DA:126,0
DA:131,1
DA:133,1
DA:134,1
DA:135,1
DA:139,1
LF:55
LH:31
end_of_record
